2024-06-01T14:15:00.625+05:30  INFO 20668 --- [SpringMvcProject] [restartedMain] c.l.S.SpringMvcProjectApplication        : Starting SpringMvcProjectApplication using Java 22.0.1 with PID 20668 (E:\SpringBoot\Spring Mvc\SpringMvcproject (3)\SpringMvcproject\target\classes started by HP in E:\SpringBoot\Spring Mvc\SpringMvcproject (3)\SpringMvcproject)
2024-06-01T14:15:00.628+05:30  INFO 20668 --- [SpringMvcProject] [restartedMain] c.l.S.SpringMvcProjectApplication        : No active profile set, falling back to 1 default profile: "default"
2024-06-01T14:15:00.738+05:30  INFO 20668 --- [SpringMvcProject] [restartedMain] .e.DevToolsPropertyDefaultsPostProcessor : Devtools property defaults active! Set 'spring.devtools.add-properties' to 'false' to disable
2024-06-01T14:15:00.738+05:30  INFO 20668 --- [SpringMvcProject] [restartedMain] .e.DevToolsPropertyDefaultsPostProcessor : For additional web related logging consider setting the 'logging.level.web' property to 'DEBUG'
2024-06-01T14:15:02.508+05:30  INFO 20668 --- [SpringMvcProject] [restartedMain] o.s.b.w.embedded.tomcat.TomcatWebServer  : Tomcat initialized with port 9090 (http)
2024-06-01T14:15:02.536+05:30  INFO 20668 --- [SpringMvcProject] [restartedMain] o.apache.catalina.core.StandardService   : Starting service [Tomcat]
2024-06-01T14:15:02.537+05:30  INFO 20668 --- [SpringMvcProject] [restartedMain] o.apache.catalina.core.StandardEngine    : Starting Servlet engine: [Apache Tomcat/10.1.24]
2024-06-01T14:15:02.592+05:30  INFO 20668 --- [SpringMvcProject] [restartedMain] o.a.c.c.C.[Tomcat].[localhost].[/]       : Initializing Spring embedded WebApplicationContext
2024-06-01T14:15:02.594+05:30  INFO 20668 --- [SpringMvcProject] [restartedMain] w.s.c.ServletWebServerApplicationContext : Root WebApplicationContext: initialization completed in 1851 ms
2024-06-01T14:15:03.146+05:30  INFO 20668 --- [SpringMvcProject] [restartedMain] o.s.b.d.a.OptionalLiveReloadServer       : LiveReload server is running on port 35729
2024-06-01T14:15:03.191+05:30  INFO 20668 --- [SpringMvcProject] [restartedMain] o.s.b.w.embedded.tomcat.TomcatWebServer  : Tomcat started on port 9090 (http) with context path '/'
2024-06-01T14:15:03.202+05:30  INFO 20668 --- [SpringMvcProject] [restartedMain] c.l.S.SpringMvcProjectApplication        : Started SpringMvcProjectApplication in 3.52 seconds (process running for 4.313)
2024-06-01T14:15:10.896+05:30  INFO 20668 --- [SpringMvcProject] [http-nio-9090-exec-2] o.a.c.c.C.[Tomcat].[localhost].[/]       : Initializing Spring DispatcherServlet 'dispatcherServlet'
2024-06-01T14:15:10.897+05:30  INFO 20668 --- [SpringMvcProject] [http-nio-9090-exec-2] o.s.web.servlet.DispatcherServlet        : Initializing Servlet 'dispatcherServlet'
2024-06-01T14:15:10.899+05:30  INFO 20668 --- [SpringMvcProject] [http-nio-9090-exec-2] o.s.web.servlet.DispatcherServlet        : Completed initialization in 1 ms
2024-06-01T14:15:10.969+05:30 ERROR 20668 --- [SpringMvcProject] [http-nio-9090-exec-2] c.l.S.Controller.ProductController       : productName samsung
2024-06-01T14:15:10.969+05:30  WARN 20668 --- [SpringMvcProject] [http-nio-9090-exec-2] c.l.S.Controller.ProductController       : rating 235
2024-06-01T14:15:10.969+05:30  INFO 20668 --- [SpringMvcProject] [http-nio-9090-exec-2] c.l.S.Controller.ProductController       : price334434
2024-06-01T14:18:42.514+05:30  INFO 20568 --- [SpringMvcProject] [restartedMain] c.l.S.SpringMvcProjectApplication        : Starting SpringMvcProjectApplication using Java 22.0.1 with PID 20568 (E:\SpringBoot\Spring Mvc\SpringMvcproject (3)\SpringMvcproject\target\classes started by HP in E:\SpringBoot\Spring Mvc\SpringMvcproject (3)\SpringMvcproject)
2024-06-01T14:18:42.519+05:30  INFO 20568 --- [SpringMvcProject] [restartedMain] c.l.S.SpringMvcProjectApplication        : No active profile set, falling back to 1 default profile: "default"
2024-06-01T14:18:42.629+05:30  INFO 20568 --- [SpringMvcProject] [restartedMain] .e.DevToolsPropertyDefaultsPostProcessor : Devtools property defaults active! Set 'spring.devtools.add-properties' to 'false' to disable
2024-06-01T14:18:42.630+05:30  INFO 20568 --- [SpringMvcProject] [restartedMain] .e.DevToolsPropertyDefaultsPostProcessor : For additional web related logging consider setting the 'logging.level.web' property to 'DEBUG'
2024-06-01T14:18:44.538+05:30  INFO 20568 --- [SpringMvcProject] [restartedMain] o.s.b.w.embedded.tomcat.TomcatWebServer  : Tomcat initialized with port 9090 (http)
2024-06-01T14:18:44.566+05:30  INFO 20568 --- [SpringMvcProject] [restartedMain] o.apache.catalina.core.StandardService   : Starting service [Tomcat]
2024-06-01T14:18:44.566+05:30  INFO 20568 --- [SpringMvcProject] [restartedMain] o.apache.catalina.core.StandardEngine    : Starting Servlet engine: [Apache Tomcat/10.1.24]
2024-06-01T14:18:44.639+05:30  INFO 20568 --- [SpringMvcProject] [restartedMain] o.a.c.c.C.[Tomcat].[localhost].[/]       : Initializing Spring embedded WebApplicationContext
2024-06-01T14:18:44.639+05:30  INFO 20568 --- [SpringMvcProject] [restartedMain] w.s.c.ServletWebServerApplicationContext : Root WebApplicationContext: initialization completed in 2008 ms
2024-06-01T14:18:45.346+05:30  INFO 20568 --- [SpringMvcProject] [restartedMain] o.s.b.d.a.OptionalLiveReloadServer       : LiveReload server is running on port 35729
2024-06-01T14:18:45.407+05:30  INFO 20568 --- [SpringMvcProject] [restartedMain] o.s.b.w.embedded.tomcat.TomcatWebServer  : Tomcat started on port 9090 (http) with context path '/'
2024-06-01T14:18:45.433+05:30  INFO 20568 --- [SpringMvcProject] [restartedMain] c.l.S.SpringMvcProjectApplication        : Started SpringMvcProjectApplication in 3.881 seconds (process running for 4.683)
2024-06-01T14:21:20.573+05:30  INFO 4296 --- [SpringMvcProject] [restartedMain] c.l.S.SpringMvcProjectApplication        : Starting SpringMvcProjectApplication using Java 22.0.1 with PID 4296 (E:\SpringBoot\Spring Mvc\SpringMvcproject (3)\SpringMvcproject\target\classes started by HP in E:\SpringBoot\Spring Mvc\SpringMvcproject (3)\SpringMvcproject)
2024-06-01T14:21:20.577+05:30  INFO 4296 --- [SpringMvcProject] [restartedMain] c.l.S.SpringMvcProjectApplication        : No active profile set, falling back to 1 default profile: "default"
2024-06-01T14:21:20.680+05:30  INFO 4296 --- [SpringMvcProject] [restartedMain] .e.DevToolsPropertyDefaultsPostProcessor : Devtools property defaults active! Set 'spring.devtools.add-properties' to 'false' to disable
2024-06-01T14:21:20.680+05:30  INFO 4296 --- [SpringMvcProject] [restartedMain] .e.DevToolsPropertyDefaultsPostProcessor : For additional web related logging consider setting the 'logging.level.web' property to 'DEBUG'
2024-06-01T14:21:22.786+05:30  INFO 4296 --- [SpringMvcProject] [restartedMain] o.s.b.w.embedded.tomcat.TomcatWebServer  : Tomcat initialized with port 9090 (http)
2024-06-01T14:21:22.814+05:30  INFO 4296 --- [SpringMvcProject] [restartedMain] o.apache.catalina.core.StandardService   : Starting service [Tomcat]
2024-06-01T14:21:22.814+05:30  INFO 4296 --- [SpringMvcProject] [restartedMain] o.apache.catalina.core.StandardEngine    : Starting Servlet engine: [Apache Tomcat/10.1.24]
2024-06-01T14:21:22.908+05:30  INFO 4296 --- [SpringMvcProject] [restartedMain] o.a.c.c.C.[Tomcat].[localhost].[/]       : Initializing Spring embedded WebApplicationContext
2024-06-01T14:21:22.910+05:30  INFO 4296 --- [SpringMvcProject] [restartedMain] w.s.c.ServletWebServerApplicationContext : Root WebApplicationContext: initialization completed in 2229 ms
2024-06-01T14:21:23.607+05:30  INFO 4296 --- [SpringMvcProject] [restartedMain] o.s.b.d.a.OptionalLiveReloadServer       : LiveReload server is running on port 35729
2024-06-01T14:21:23.659+05:30  INFO 4296 --- [SpringMvcProject] [restartedMain] o.s.b.w.embedded.tomcat.TomcatWebServer  : Tomcat started on port 9090 (http) with context path '/'
2024-06-01T14:21:23.677+05:30  INFO 4296 --- [SpringMvcProject] [restartedMain] c.l.S.SpringMvcProjectApplication        : Started SpringMvcProjectApplication in 4.058 seconds (process running for 4.998)
